<?xml version="1.0" encoding="UTF-8"?>
<testsuites name="TestSuite2" time="18" tests="1" failures="0" errors="0">
   <testsuite name="TestSuite2" tests="1" failures="0" errors="0" time="18" timestamp="2019-04-22 21:00:08" hostname="Administrator - ip-172-20-128-1.ec2.internal" id="Test Suites/TestSuite2">
      <properties>
         <property name="deviceName" value=""/>
         <property name="devicePlatform" value=""/>
         <property name="logFolder" value="D:\\Desktop\\Projects\\KatalonStudio\\DemoProject_April22\\Reports\\TestSuite2\\20190422_210005"/>
         <property name="logFiles" value="D:\\Desktop\\Projects\\KatalonStudio\\DemoProject_April22\\Reports\\TestSuite2\\20190422_210005\\execution0.log"/>
         <property name="attachments" value=""/>
         <property name="hostName" value="Administrator - ip-172-20-128-1.ec2.internal"/>
         <property name="os" value="Windows Server 2016 64bit"/>
         <property name="katalonVersion" value="6.1.2.2"/>
         <property name="browser" value="Chrome 73.0.3683.103"/>
         <property name="hostAddress" value="172.20.128.1"/>
         <property name="sessionId" value="ffa70dfb09760b47b5cf4212a6f66eb4"/>
         <property name="seleniumVersion" value="3.7.1"/>
         <property name="proxyInformation" value="ProxyInformation{proxyOption=NO_PROXY, proxyServerType=HTTP, password=, proxyServerAddress=, proxyServerPort=0}"/>
         <property name="platform" value="Windows Server 2016"/>
      </properties>
      <testcase name="Test Cases/Test2" classname="Test Cases/Test2" status="PASSED">
         <system-out><![CDATA[2019-04-22 21:00:08 - [TEST_CASE][PASSED] - Test Cases/Test2: Test Cases/Test2

2019-04-22 21:00:08 - [TEST_STEP][PASSED] - openBrowser(""): Browser is opened with url: ''

2019-04-22 21:00:09 - [MESSAGE][INFO] - Starting 'Chrome' driver

2019-04-22 21:00:09 - [MESSAGE][INFO] - Action delay is set to 1 seconds

2019-04-22 21:00:14 - [MESSAGE][PASSED] - Browser is opened with url: ''

2019-04-22 21:00:14 - [TEST_STEP][PASSED] - navigateToUrl("https://opensource-demo.orangehrmlive.com/"): Navigate to 'https://opensource-demo.orangehrmlive.com/' successfully

2019-04-22 21:00:15 - [MESSAGE][PASSED] - Navigate to 'https://opensource-demo.orangehrmlive.com/' successfully

2019-04-22 21:00:15 - [TEST_STEP][PASSED] - setText(findTestObject("Page_OrangeHRM/input_LOGIN Panel_txtUsername"), "Admin"): Text 'Admin' is set on object 'Object Repository/Page_OrangeHRM/input_LOGIN Panel_txtUsername'

2019-04-22 21:00:19 - [MESSAGE][PASSED] - Text 'Admin' is set on object 'Object Repository/Page_OrangeHRM/input_LOGIN Panel_txtUsername'

2019-04-22 21:00:19 - [TEST_STEP][PASSED] - setEncryptedText(findTestObject("Page_OrangeHRM/input_Username_txtPassword"), "hUKwJTbofgPU9eVlw/CnDQ=="): Text ****** has been set on object 'Object Repository/Page_OrangeHRM/input_Username_txtPassword'

2019-04-22 21:00:22 - [MESSAGE][PASSED] - Text ****** has been set on object 'Object Repository/Page_OrangeHRM/input_Username_txtPassword'

2019-04-22 21:00:22 - [TEST_STEP][PASSED] - click(findTestObject("Page_OrangeHRM/input_Password_Submit")): Object: 'Object Repository/Page_OrangeHRM/input_Password_Submit' is clicked on

2019-04-22 21:00:25 - [MESSAGE][PASSED] - Object: 'Object Repository/Page_OrangeHRM/input_Password_Submit' is clicked on

2019-04-22 21:00:25 - [TEST_STEP][PASSED] - closeBrowser(): Browser is closed

2019-04-22 21:00:26 - [MESSAGE][PASSED] - Browser is closed]]></system-out>
         <system-err><![CDATA[]]></system-err>
      </testcase>
      <system-out><![CDATA[2019-04-22 21:00:08 - [TEST_SUITE][PASSED] - TestSuite2: Test Cases/Test2]]></system-out>
      <system-err><![CDATA[]]></system-err>
   </testsuite>
</testsuites>
