<?xml version="1.0" encoding="UTF-8"?>
<testsuites name="TestSuite3" time="27" tests="1" failures="0" errors="0">
   <testsuite name="TestSuite3" tests="1" failures="0" errors="0" time="27" timestamp="2019-04-22 20:48:54" hostname="Administrator - ip-172-20-128-1.ec2.internal" id="Test Suites/TestSuite3">
      <properties>
         <property name="deviceName" value=""/>
         <property name="devicePlatform" value=""/>
         <property name="logFolder" value="D:\\Desktop\\Projects\\KatalonStudio\\DemoProject_April22\\Reports\\TestSuite3\\20190422_204849"/>
         <property name="logFiles" value="D:\\Desktop\\Projects\\KatalonStudio\\DemoProject_April22\\Reports\\TestSuite3\\20190422_204849\\execution0.log, D:\\Desktop\\Projects\\KatalonStudio\\DemoProject_April22\\Reports\\TestSuite3\\20190422_204849\\IEDriverServer.log"/>
         <property name="attachments" value=""/>
         <property name="hostName" value="Administrator - ip-172-20-128-1.ec2.internal"/>
         <property name="os" value="Windows Server 2016 64bit"/>
         <property name="katalonVersion" value="6.1.2.2"/>
         <property name="browser" value="IE 11"/>
         <property name="hostAddress" value="172.20.128.1"/>
         <property name="sessionId" value="51ff8a51-ca6b-4016-b836-8da84701a0bb"/>
         <property name="seleniumVersion" value="3.7.1"/>
         <property name="proxyInformation" value="ProxyInformation{proxyOption=NO_PROXY, proxyServerType=HTTP, password=, proxyServerAddress=, proxyServerPort=0}"/>
         <property name="platform" value="Windows Server 2016"/>
      </properties>
      <testcase name="Test Cases/Test3" classname="Test Cases/Test3" status="PASSED">
         <system-out><![CDATA[2019-04-22 20:48:55 - [TEST_CASE][PASSED] - Test Cases/Test3: Test Cases/Test3

2019-04-22 20:48:56 - [TEST_STEP][PASSED] - openBrowser("https://opensource-demo.orangehrmlive.com/"): Browser is opened with url: 'https://opensource-demo.orangehrmlive.com/'

2019-04-22 20:48:57 - [MESSAGE][INFO] - Starting 'IE' driver

2019-04-22 20:48:57 - [MESSAGE][INFO] - Action delay is set to 1 seconds

2019-04-22 20:49:09 - [MESSAGE][PASSED] - Browser is opened with url: 'https://opensource-demo.orangehrmlive.com/'

2019-04-22 20:49:09 - [TEST_STEP][PASSED] - setText(findTestObject("Object Repository/Page_OrangeHRM/input_LOGIN Panel_txtUsername"), "Admin"): Text 'Admin' is set on object 'Object Repository/Page_OrangeHRM/input_LOGIN Panel_txtUsername'

2019-04-22 20:49:13 - [MESSAGE][PASSED] - Text 'Admin' is set on object 'Object Repository/Page_OrangeHRM/input_LOGIN Panel_txtUsername'

2019-04-22 20:49:13 - [TEST_STEP][PASSED] - setEncryptedText(findTestObject("Object Repository/Page_OrangeHRM/input_Username_txtPassword"), "hUKwJTbofgPU9eVlw/CnDQ=="): Text ****** has been set on object 'Object Repository/Page_OrangeHRM/input_Username_txtPassword'

2019-04-22 20:49:16 - [MESSAGE][PASSED] - Text ****** has been set on object 'Object Repository/Page_OrangeHRM/input_Username_txtPassword'

2019-04-22 20:49:16 - [TEST_STEP][PASSED] - click(findTestObject("Object Repository/Page_OrangeHRM/input_Password_Submit")): Object: 'Object Repository/Page_OrangeHRM/input_Password_Submit' is clicked on

2019-04-22 20:49:20 - [MESSAGE][PASSED] - Object: 'Object Repository/Page_OrangeHRM/input_Password_Submit' is clicked on

2019-04-22 20:49:20 - [TEST_STEP][PASSED] - closeBrowser(): Browser is closed

2019-04-22 20:49:22 - [MESSAGE][PASSED] - Browser is closed]]></system-out>
         <system-err><![CDATA[]]></system-err>
      </testcase>
      <system-out><![CDATA[2019-04-22 20:48:54 - [TEST_SUITE][PASSED] - TestSuite3: Test Cases/Test3]]></system-out>
      <system-err><![CDATA[]]></system-err>
   </testsuite>
</testsuites>
